<?xml version="1.0" encoding="UTF-8"?>
<!-- Generated by org.testng.reporters.JUnitXMLReporter -->
<testsuite ignored="0" hostname="dell-inspiron-5559" failures="0" tests="4" name="Surefire test" time="15.365" errors="0" timestamp="01 Oct 2020 07:23:37 GMT">
  <testcase classname="TestRunner" name="LogInToTheDCS" time="0.622"/>
  <testcase classname="TestRunner" name="GotoMainMenu" time="2.225"/>
  <testcase classname="TestRunner" name="goToFlights" time="2.545"/>
  <testcase classname="TestRunner" name="GotoDashBoard" time="4.324"/>
</testsuite> <!-- Surefire test -->
