<?xml version="1.0" encoding="UTF-8"?>
<!-- Generated by org.testng.reporters.JUnitXMLReporter -->
<testsuite ignored="0" hostname="dell-inspiron-5559" failures="0" tests="0" name="Surefire test" time="0.008" errors="0" timestamp="17 Oct 2020 14:31:34 GMT">
  <testcase classname="Utilities.BrowserBase" name="@BeforeClass Intialize" time="0.0">
    <failure type="org.testng.TestNGException" message="
Parameter &amp;apos;browser&amp;apos; is required by BeforeClass on method Intialize but has not been marked @Optional or defined
">
      <![CDATA[org.testng.TestNGException: 
Parameter 'browser' is required by BeforeClass on method Intialize but has not been marked @Optional or defined

... Removed 28 stack frames]]>
    </failure>
  </testcase> <!-- @BeforeClass Intialize -->
</testsuite> <!-- Surefire test -->
