<?xml version="1.0" encoding="UTF-8"?>
<testsuite xmlns:xsi="http://www.w3.org/2001/XMLSchema-instance" xsi:noNamespaceSchemaLocation="https://maven.apache.org/surefire/maven-surefire-plugin/xsd/surefire-test-report.xsd" name="TestRunner" time="91.698" tests="4" errors="0" skipped="0" failures="0">
  <properties>
[...]
</properties>
  <testcase name="LogInToTheDCS" classname="TestRunner" time="14.012"/>
  <testcase name="GotoDashBoard" classname="TestRunner" time="2.959"/>
  <testcase name="GotoMainMenu" classname="TestRunner" time="4.04"/>
  <testcase name="goToFlights" classname="TestRunner" time="5.536"/>
</testsuite>