<?xml version="1.0" encoding="UTF-8"?>
<testng-results ignored="0" total="3" passed="3" failed="0" skipped="0">
  <reporter-output>
  </reporter-output>
  <suite started-at="2020-09-29T11:41:04Z" name="Surefire suite" finished-at="2020-09-29T11:41:11Z" duration-ms="7484">
    <groups>
    </groups>
    <test started-at="2020-09-29T11:41:04Z" name="Surefire test" finished-at="2020-09-29T11:41:11Z" duration-ms="7484">
      <class name="TestRunner">
        <test-method is-config="true" signature="Intialize()[pri:0, instance:TestRunner@4148db48]" started-at="2020-09-29T11:40:43Z" name="Intialize" finished-at="2020-09-29T11:41:03Z" duration-ms="20076" status="PASS">
          <reporter-output>
          </reporter-output>
        </test-method> <!-- Intialize -->
        <test-method is-config="true" signature="startTest()[pri:0, instance:TestRunner@4148db48]" started-at="2020-09-29T11:41:03Z" name="startTest" finished-at="2020-09-29T11:41:04Z" depends-on-methods="Utils.Utils.Intialize" duration-ms="1256" status="PASS">
          <reporter-output>
          </reporter-output>
        </test-method> <!-- startTest -->
        <test-method signature="LogInToTheDCS()[pri:1, instance:TestRunner@4148db48]" started-at="2020-09-29T11:41:04Z" name="LogInToTheDCS" finished-at="2020-09-29T11:41:05Z" duration-ms="700" status="PASS">
          <reporter-output>
          </reporter-output>
        </test-method> <!-- LogInToTheDCS -->
        <test-method is-config="true" signature="tearDown(org.testng.ITestResult)[pri:0, instance:TestRunner@4148db48]" started-at="2020-09-29T11:41:05Z" name="tearDown" finished-at="2020-09-29T11:41:06Z" duration-ms="962" status="PASS">
          <params>
            <param index="0">
              <value>
                <![CDATA[[TestResult name=LogInToTheDCS status=SUCCESS method=TestRunner.LogInToTheDCS()[pri:1, instance:TestRunner@4148db48] output={null}]]]>
              </value>
            </param>
          </params>
          <reporter-output>
          </reporter-output>
        </test-method> <!-- tearDown -->
        <test-method signature="GotoDashBoard()[pri:2, instance:TestRunner@4148db48]" started-at="2020-09-29T11:41:06Z" name="GotoDashBoard" finished-at="2020-09-29T11:41:08Z" duration-ms="2106" status="PASS">
          <reporter-output>
          </reporter-output>
        </test-method> <!-- GotoDashBoard -->
        <test-method is-config="true" signature="tearDown(org.testng.ITestResult)[pri:0, instance:TestRunner@4148db48]" started-at="2020-09-29T11:41:08Z" name="tearDown" finished-at="2020-09-29T11:41:08Z" duration-ms="446" status="PASS">
          <params>
            <param index="0">
              <value>
                <![CDATA[[TestResult name=GotoDashBoard status=SUCCESS method=TestRunner.GotoDashBoard()[pri:2, instance:TestRunner@4148db48] output={null}]]]>
              </value>
            </param>
          </params>
          <reporter-output>
          </reporter-output>
        </test-method> <!-- tearDown -->
        <test-method signature="goToFlights()[pri:3, instance:TestRunner@4148db48]" started-at="2020-09-29T11:41:08Z" name="goToFlights" finished-at="2020-09-29T11:41:10Z" duration-ms="2284" status="PASS">
          <reporter-output>
          </reporter-output>
        </test-method> <!-- goToFlights -->
        <test-method is-config="true" signature="tearDown(org.testng.ITestResult)[pri:0, instance:TestRunner@4148db48]" started-at="2020-09-29T11:41:10Z" name="tearDown" finished-at="2020-09-29T11:41:11Z" duration-ms="422" status="PASS">
          <params>
            <param index="0">
              <value>
                <![CDATA[[TestResult name=goToFlights status=SUCCESS method=TestRunner.goToFlights()[pri:3, instance:TestRunner@4148db48] output={null}]]]>
              </value>
            </param>
          </params>
          <reporter-output>
          </reporter-output>
        </test-method> <!-- tearDown -->
        <test-method is-config="true" signature="endTest()[pri:0, instance:TestRunner@4148db48]" started-at="2020-09-29T11:41:11Z" name="endTest" finished-at="2020-09-29T11:41:11Z" duration-ms="539" status="PASS">
          <reporter-output>
          </reporter-output>
        </test-method> <!-- endTest -->
        <test-method is-config="true" signature="endSuite()[pri:0, instance:TestRunner@4148db48]" started-at="2020-09-29T11:41:11Z" name="endSuite" finished-at="2020-09-29T11:41:11Z" duration-ms="0" status="PASS">
          <reporter-output>
          </reporter-output>
        </test-method> <!-- endSuite -->
        <test-method is-config="true" signature="close()[pri:0, instance:TestRunner@4148db48]" started-at="2020-09-29T11:41:12Z" name="close" finished-at="2020-09-29T11:41:12Z" duration-ms="259" status="PASS">
          <reporter-output>
          </reporter-output>
        </test-method> <!-- close -->
      </class> <!-- TestRunner -->
    </test> <!-- Surefire test -->
  </suite> <!-- Surefire suite -->
</testng-results>
